17:13:02.431 INFO [GridLauncherV3.parse] - Selenium server version: 3.141.59, revision: e82be7d358
17:13:02.540 INFO [GridLauncherV3.lambda$buildLaunchers$3] - Launching a standalone Selenium Server on port 4444
2019-08-07 17:13:02.596:INFO::main: Logging initialized @442ms to org.seleniumhq.jetty9.util.log.StdErrLog
17:13:02.847 INFO [WebDriverServlet.<init>] - Initialising WebDriverServlet
17:13:03.010 INFO [SeleniumServer.boot] - Selenium Server is up and running on port 4444
17:13:03.418 INFO [ActiveSessionFactory.apply] - Capabilities are: {
  "acceptSslCerts": true,
  "browserName": "chrome",
  "chromeOptions": {
    "w3c": false,
    "args": [
    ]
  },
  "name": "Registertest"
}
17:13:03.419 INFO [ActiveSessionFactory.lambda$apply$11] - Matched factory org.openqa.selenium.grid.session.remote.ServicedSession$Factory (provider: org.openqa.selenium.chrome.ChromeDriverService)
Starting ChromeDriver 76.0.3809.68 (420c9498db8ce8fcd190a954d51297672c1515d5-refs/branch-heads/3809@{#864}) on port 43925
Only local connections are allowed.
Please protect ports used by ChromeDriver and related test frameworks to prevent access by malicious code.
17:13:06.184 INFO [ProtocolHandshake.createSession] - Detected dialect: OSS
17:13:06.599 INFO [RemoteSession$Factory.lambda$performHandshake$0] - Started new session 9d1d5ee385c144e07f220fc03aedf43e (org.openqa.selenium.chrome.ChromeDriverService)
17:13:07.089 INFO [ActiveSessions$1.onStop] - Removing session 9d1d5ee385c144e07f220fc03aedf43e (org.openqa.selenium.chrome.ChromeDriverService)
17:13:07.123 INFO [ActiveSessionFactory.apply] - Capabilities are: {
  "acceptSslCerts": true,
  "browserName": "chrome",
  "chromeOptions": {
    "w3c": false,
    "args": [
    ]
  },
  "name": "Registertest"
}
17:13:07.124 INFO [ActiveSessionFactory.lambda$apply$11] - Matched factory org.openqa.selenium.grid.session.remote.ServicedSession$Factory (provider: org.openqa.selenium.chrome.ChromeDriverService)
Starting ChromeDriver 76.0.3809.68 (420c9498db8ce8fcd190a954d51297672c1515d5-refs/branch-heads/3809@{#864}) on port 41620
Only local connections are allowed.
Please protect ports used by ChromeDriver and related test frameworks to prevent access by malicious code.
17:13:09.383 INFO [ProtocolHandshake.createSession] - Detected dialect: OSS
17:13:09.434 INFO [RemoteSession$Factory.lambda$performHandshake$0] - Started new session 0f6a0f4a70844dc1a45952116a69f439 (org.openqa.selenium.chrome.ChromeDriverService)
17:13:10.031 INFO [ActiveSessions$1.onStop] - Removing session 0f6a0f4a70844dc1a45952116a69f439 (org.openqa.selenium.chrome.ChromeDriverService)
17:13:10.044 INFO [ActiveSessionFactory.apply] - Capabilities are: {
  "acceptSslCerts": true,
  "browserName": "chrome",
  "chromeOptions": {
    "w3c": false,
    "args": [
    ]
  },
  "name": "Registertest"
}
17:13:10.044 INFO [ActiveSessionFactory.lambda$apply$11] - Matched factory org.openqa.selenium.grid.session.remote.ServicedSession$Factory (provider: org.openqa.selenium.chrome.ChromeDriverService)
Starting ChromeDriver 76.0.3809.68 (420c9498db8ce8fcd190a954d51297672c1515d5-refs/branch-heads/3809@{#864}) on port 49082
Only local connections are allowed.
Please protect ports used by ChromeDriver and related test frameworks to prevent access by malicious code.
17:13:12.356 INFO [ProtocolHandshake.createSession] - Detected dialect: OSS
17:13:12.421 INFO [RemoteSession$Factory.lambda$performHandshake$0] - Started new session 5acf8c6816b6038018f0cbf35e9c0746 (org.openqa.selenium.chrome.ChromeDriverService)
17:13:13.266 INFO [ActiveSessions$1.onStop] - Removing session 5acf8c6816b6038018f0cbf35e9c0746 (org.openqa.selenium.chrome.ChromeDriverService)
17:13:13.288 INFO [ActiveSessionFactory.apply] - Capabilities are: {
  "acceptSslCerts": true,
  "browserName": "chrome",
  "chromeOptions": {
    "w3c": false,
    "args": [
    ]
  },
  "name": "Registertest"
}
17:13:13.288 INFO [ActiveSessionFactory.lambda$apply$11] - Matched factory org.openqa.selenium.grid.session.remote.ServicedSession$Factory (provider: org.openqa.selenium.chrome.ChromeDriverService)
Starting ChromeDriver 76.0.3809.68 (420c9498db8ce8fcd190a954d51297672c1515d5-refs/branch-heads/3809@{#864}) on port 33905
Only local connections are allowed.
Please protect ports used by ChromeDriver and related test frameworks to prevent access by malicious code.
17:13:15.515 INFO [ProtocolHandshake.createSession] - Detected dialect: OSS
17:13:15.557 INFO [RemoteSession$Factory.lambda$performHandshake$0] - Started new session 685fc686e3269c6fc6e8367403bbb4bf (org.openqa.selenium.chrome.ChromeDriverService)
17:13:26.716 INFO [ActiveSessions$1.onStop] - Removing session 685fc686e3269c6fc6e8367403bbb4bf (org.openqa.selenium.chrome.ChromeDriverService)
